<?xml version="1.0" encoding="UTF-8" standalone="no"?>
<!DOCTYPE log SYSTEM "logger.dtd">
<log>
<record>
  <date>2023-08-11T11:31:29.747-0300</date>
  <logger>LUCAS ARIEL ALVES DE CARVALHO</logger>
  <level>FINE</level>
  <message>File 121210801-LUCAS ARIEL ALVES DE CARVALHO.zip was received. It was sent by LUCAS ARIEL ALVES DE CARVALHO from IP 150.165.42.106 at 11-08-2023 11*31*29</message>
</record>
</log>
<?xml version="1.0" encoding="UTF-8" standalone="no"?>
<!DOCTYPE log SYSTEM "logger.dtd">
<log>
<record>
  <date>2023-08-11T11:33:30.720-0300</date>
  <logger>LUCAS ARIEL ALVES DE CARVALHO</logger>
  <level>FINE</level>
  <message>File 121210801-LUCAS ARIEL ALVES DE CARVALHO.zip was received. It was sent by LUCAS ARIEL ALVES DE CARVALHO from IP 150.165.42.106 at 11-08-2023 11*33*30</message>
</record>
</log>
<?xml version="1.0" encoding="UTF-8" standalone="no"?>
<!DOCTYPE log SYSTEM "logger.dtd">
<log>
<record>
  <date>2023-08-11T11:35:38.768-0300</date>
  <logger>LUCAS ARIEL ALVES DE CARVALHO</logger>
  <level>FINE</level>
  <message>File 121210801-LUCAS ARIEL ALVES DE CARVALHO.zip was received. It was sent by LUCAS ARIEL ALVES DE CARVALHO from IP 150.165.42.106 at 11-08-2023 11*35*38</message>
</record>
</log>
<?xml version="1.0" encoding="UTF-8" standalone="no"?>
<!DOCTYPE log SYSTEM "logger.dtd">
<log>
<record>
  <date>2023-08-16T08:23:30.961-0300</date>
  <logger>LUCAS ARIEL ALVES DE CARVALHO</logger>
  <level>FINE</level>
  <message>File 121210801-LUCAS ARIEL ALVES DE CARVALHO.zip was received. It was sent by LUCAS ARIEL ALVES DE CARVALHO from IP 150.165.42.106 at 16-08-2023 08*23*30</message>
</record>
</log>
<?xml version="1.0" encoding="UTF-8" standalone="no"?>
<!DOCTYPE log SYSTEM "logger.dtd">
<log>
<record>
  <date>2023-08-16T09:01:17.222-0300</date>
  <logger>LUCAS ARIEL ALVES DE CARVALHO</logger>
  <level>FINE</level>
  <message>File 121210801-LUCAS ARIEL ALVES DE CARVALHO.zip was received. It was sent by LUCAS ARIEL ALVES DE CARVALHO from IP 150.165.42.106 at 16-08-2023 09*01*17</message>
</record>
</log>
<?xml version="1.0" encoding="UTF-8" standalone="no"?>
<!DOCTYPE log SYSTEM "logger.dtd">
<log>
<record>
  <date>2023-08-16T09:43:13.910-0300</date>
  <logger>LUCAS ARIEL ALVES DE CARVALHO</logger>
  <level>FINE</level>
  <message>File 121210801-LUCAS ARIEL ALVES DE CARVALHO.zip was received. It was sent by LUCAS ARIEL ALVES DE CARVALHO from IP 150.165.42.106 at 16-08-2023 09*43*11</message>
</record>
</log>
<?xml version="1.0" encoding="UTF-8" standalone="no"?>
<!DOCTYPE log SYSTEM "logger.dtd">
<log>
<record>
  <date>2023-08-16T10:24:55.014-0300</date>
  <logger>LUCAS ARIEL ALVES DE CARVALHO</logger>
  <level>FINE</level>
  <message>File 121210801-LUCAS ARIEL ALVES DE CARVALHO.zip was received. It was sent by LUCAS ARIEL ALVES DE CARVALHO from IP 150.165.42.165 at 16-08-2023 10*24*54</message>
</record>
